# JRE version: Java(TM) SE Runtime Environment (8.0_111-b14) (build 1.8.0_111-b14)
# Java VM: Java HotSpot(TM) Client VM (25.111-b14 mixed mode linux-arm )
Heap:
 def new generation   total 5632K, used 4495K [0xac400000, 0xaca00000, 0xaed40000)
  eden space 5120K,  77% used [0xac400000, 0xac7e3e60, 0xac900000)
  from space 512K, 100% used [0xac900000, 0xac980000, 0xac980000)
  to   space 512K,   0% used [0xac980000, 0xac980000, 0xaca00000)
 tenured generation   total 12212K, used 11113K [0xaed40000, 0xaf92d000, 0xb4000000)
   the space 12212K,  91% used [0xaed40000, 0xaf81a4b8, 0xaf81a600, 0xaf92d000)
 Metaspace       used 12463K, capacity 12726K, committed 12824K, reserved 13616K
GC Heap History (10 events):
Event: 25.606 GC heap before
{Heap before GC invocations=54 (full 2):
 def new generation   total 3712K, used 3712K [0xac400000, 0xac800000, 0xaed40000)
  eden space 3328K, 100% used [0xac400000, 0xac740000, 0xac740000)
  from space 384K, 100% used [0xac740000, 0xac7a0000, 0xac7a0000)
  to   space 384K,   0% used [0xac7a0000, 0xac7a0000, 0xac800000)
 tenured generation   total 8172K, used 7694K [0xaed40000, 0xaf53b000, 0xb4000000)
   the space 8172K,  94% used [0xaed40000, 0xaf4c3950, 0xaf4c3a00, 0xaf53b000)
 Metaspace       used 9850K, capacity 9988K, committed 10136K, reserved 10544K
Event: 25.915 GC heap after
Heap after GC invocations=55 (full 3):
 def new generation   total 5632K, used 0K [0xac400000, 0xaca00000, 0xaed40000)
  eden space 5120K,   0% used [0xac400000, 0xac400000, 0xac900000)
  from space 512K,   0% used [0xac900000, 0xac900000, 0xac980000)
  to   space 512K,   0% used [0xac980000, 0xac980000, 0xaca00000)
 tenured generation   total 12212K, used 7326K [0xaed40000, 0xaf92d000, 0xb4000000)
   the space 12212K,  59% used [0xaed40000, 0xaf4679d8, 0xaf467a00, 0xaf92d000)
 Metaspace       used 9850K, capacity 9988K, committed 10136K, reserved 10544K
}
Event: 26.538 GC heap before
{Heap before GC invocations=55 (full 3):
 def new generation   total 5632K, used 5120K [0xac400000, 0xaca00000, 0xaed40000)
  eden space 5120K, 100% used [0xac400000, 0xac900000, 0xac900000)
  from space 512K,   0% used [0xac900000, 0xac900000, 0xac980000)
  to   space 512K,   0% used [0xac980000, 0xac980000, 0xaca00000)
 tenured generation   total 12212K, used 7326K [0xaed40000, 0xaf92d000, 0xb4000000)
   the space 12212K,  59% used [0xaed40000, 0xaf4679d8, 0xaf467a00, 0xaf92d000)
 Metaspace       used 9890K, capacity 10008K, committed 10136K, reserved 10544K
Event: 26.567 GC heap after
Heap after GC invocations=56 (full 3):
 def new generation   total 5632K, used 512K [0xac400000, 0xaca00000, 0xaed40000)
  eden space 5120K,   0% used [0xac400000, 0xac400000, 0xac900000)
  from space 512K, 100% used [0xac980000, 0xaca00000, 0xaca00000)
  to   space 512K,   0% used [0xac900000, 0xac900000, 0xac980000)
 tenured generation   total 12212K, used 7951K [0xaed40000, 0xaf92d000, 0xb4000000)
   the space 12212K,  65% used [0xaed40000, 0xaf503f38, 0xaf504000, 0xaf92d000)
 Metaspace       used 9890K, capacity 10008K, committed 10136K, reserved 10544K
}
Event: 27.450 GC heap before
{Heap before GC invocations=56 (full 3):
 def new generation   total 5632K, used 5632K [0xac400000, 0xaca00000, 0xaed40000)
  eden space 5120K, 100% used [0xac400000, 0xac900000, 0xac900000)
  from space 512K, 100% used [0xac980000, 0xaca00000, 0xaca00000)
  to   space 512K,   0% used [0xac900000, 0xac900000, 0xac980000)
 tenured generation   total 12212K, used 7951K [0xaed40000, 0xaf92d000, 0xb4000000)
   the space 12212K,  65% used [0xaed40000, 0xaf503f38, 0xaf504000, 0xaf92d000)
 Metaspace       used 10442K, capacity 10584K, committed 10648K, reserved 11568K
Event: 27.491 GC heap after
Heap after GC invocations=57 (full 3):
 def new generation   total 5632K, used 512K [0xac400000, 0xaca00000, 0xaed40000)
  eden space 5120K,   0% used [0xac400000, 0xac400000, 0xac900000)
  from space 512K, 100% used [0xac900000, 0xac980000, 0xac980000)
  to   space 512K,   0% used [0xac980000, 0xac980000, 0xaca00000)
 tenured generation   total 12212K, used 9090K [0xaed40000, 0xaf92d000, 0xb4000000)
   the space 12212K,  74% used [0xaed40000, 0xaf620bb0, 0xaf620c00, 0xaf92d000)
 Metaspace       used 10442K, capacity 10584K, committed 10648K, reserved 11568K
}
Event: 28.774 GC heap before
{Heap before GC invocations=57 (full 3):
 def new generation   total 5632K, used 5629K [0xac400000, 0xaca00000, 0xaed40000)
  eden space 5120K,  99% used [0xac400000, 0xac8ff580, 0xac900000)
  from space 512K, 100% used [0xac900000, 0xac980000, 0xac980000)
  to   space 512K,   0% used [0xac980000, 0xac980000, 0xaca00000)
 tenured generation   total 12212K, used 9090K [0xaed40000, 0xaf92d000, 0xb4000000)
   the space 12212K,  74% used [0xaed40000, 0xaf620bb0, 0xaf620c00, 0xaf92d000)
 Metaspace       used 11298K, capacity 11564K, committed 11672K, reserved 12592K
Event: 28.812 GC heap after
Heap after GC invocations=58 (full 3):
 def new generation   total 5632K, used 512K [0xac400000, 0xaca00000, 0xaed40000)
  eden space 5120K,   0% used [0xac400000, 0xac400000, 0xac900000)
  from space 512K, 100% used [0xac980000, 0xaca00000, 0xaca00000)
  to   space 512K,   0% used [0xac900000, 0xac900000, 0xac980000)
 tenured generation   total 12212K, used 10200K [0xaed40000, 0xaf92d000, 0xb4000000)
   the space 12212K,  83% used [0xaed40000, 0xaf7362b8, 0xaf736400, 0xaf92d000)
 Metaspace       used 11298K, capacity 11564K, committed 11672K, reserved 12592K
}
Event: 31.174 GC heap before
{Heap before GC invocations=58 (full 3):
 def new generation   total 5632K, used 5632K [0xac400000, 0xaca00000, 0xaed40000)
  eden space 5120K, 100% used [0xac400000, 0xac900000, 0xac900000)
  from space 512K, 100% used [0xac980000, 0xaca00000, 0xaca00000)
  to   space 512K,   0% used [0xac900000, 0xac900000, 0xac980000)
 tenured generation   total 12212K, used 10200K [0xaed40000, 0xaf92d000, 0xb4000000)
   the space 12212K,  83% used [0xaed40000, 0xaf7362b8, 0xaf736400, 0xaf92d000)
 Metaspace       used 12049K, capacity 12305K, committed 12312K, reserved 12592K
Event: 31.210 GC heap after
Heap after GC invocations=59 (full 3):
 def new generation   total 5632K, used 512K [0xac400000, 0xaca00000, 0xaed40000)
  eden space 5120K,   0% used [0xac400000, 0xac400000, 0xac900000)
  from space 512K, 100% used [0xac900000, 0xac980000, 0xac980000)
  to   space 512K,   0% used [0xac980000, 0xac980000, 0xaca00000)
 tenured generation   total 12212K, used 11113K [0xaed40000, 0xaf92d000, 0xb4000000)
   the space 12212K,  91% used [0xaed40000, 0xaf81a4b8, 0xaf81a600, 0xaf92d000)
 Metaspace       used 12049K, capacity 12305K, committed 12312K, reserved 12592K
}

