# JRE version: Java(TM) SE Runtime Environment (8.0_111-b14) (build 1.8.0_111-b14)
# Java VM: Java HotSpot(TM) Client VM (25.111-b14 mixed mode linux-arm )
Heap:
 def new generation   total 5760K, used 3110K [0xac400000, 0xaca20000, 0xaed40000)
  eden space 5248K,  49% used [0xac400000, 0xac6899b8, 0xac920000)
  from space 512K, 100% used [0xac920000, 0xac9a0000, 0xac9a0000)
  to   space 512K,   0% used [0xac9a0000, 0xac9a0000, 0xaca20000)
 tenured generation   total 12372K, used 11029K [0xaed40000, 0xaf955000, 0xb4000000)
   the space 12372K,  89% used [0xaed40000, 0xaf805670, 0xaf805800, 0xaf955000)
 Metaspace       used 12452K, capacity 12711K, committed 12824K, reserved 13616K
GC Heap History (10 events):
Event: 25.855 GC heap before
{Heap before GC invocations=54 (full 2):
 def new generation   total 3712K, used 3712K [0xac400000, 0xac800000, 0xaed40000)
  eden space 3328K, 100% used [0xac400000, 0xac740000, 0xac740000)
  from space 384K, 100% used [0xac740000, 0xac7a0000, 0xac7a0000)
  to   space 384K,   0% used [0xac7a0000, 0xac7a0000, 0xac800000)
 tenured generation   total 8148K, used 7892K [0xaed40000, 0xaf535000, 0xb4000000)
   the space 8148K,  96% used [0xaed40000, 0xaf4f5060, 0xaf4f5200, 0xaf535000)
 Metaspace       used 9886K, capacity 10001K, committed 10136K, reserved 10544K
Event: 26.177 GC heap after
Heap after GC invocations=55 (full 3):
 def new generation   total 5760K, used 0K [0xac400000, 0xaca20000, 0xaed40000)
  eden space 5248K,   0% used [0xac400000, 0xac400000, 0xac920000)
  from space 512K,   0% used [0xac920000, 0xac920000, 0xac9a0000)
  to   space 512K,   0% used [0xac9a0000, 0xac9a0000, 0xaca20000)
 tenured generation   total 12372K, used 7420K [0xaed40000, 0xaf955000, 0xb4000000)
   the space 12372K,  59% used [0xaed40000, 0xaf47f3a0, 0xaf47f400, 0xaf955000)
 Metaspace       used 9879K, capacity 9986K, committed 10136K, reserved 10544K
}
Event: 26.734 GC heap before
{Heap before GC invocations=55 (full 3):
 def new generation   total 5760K, used 5248K [0xac400000, 0xaca20000, 0xaed40000)
  eden space 5248K, 100% used [0xac400000, 0xac920000, 0xac920000)
  from space 512K,   0% used [0xac920000, 0xac920000, 0xac9a0000)
  to   space 512K,   0% used [0xac9a0000, 0xac9a0000, 0xaca20000)
 tenured generation   total 12372K, used 7420K [0xaed40000, 0xaf955000, 0xb4000000)
   the space 12372K,  59% used [0xaed40000, 0xaf47f3a0, 0xaf47f400, 0xaf955000)
 Metaspace       used 9908K, capacity 10025K, committed 10136K, reserved 10544K
Event: 26.760 GC heap after
Heap after GC invocations=56 (full 3):
 def new generation   total 5760K, used 512K [0xac400000, 0xaca20000, 0xaed40000)
  eden space 5248K,   0% used [0xac400000, 0xac400000, 0xac920000)
  from space 512K, 100% used [0xac9a0000, 0xaca20000, 0xaca20000)
  to   space 512K,   0% used [0xac920000, 0xac920000, 0xac9a0000)
 tenured generation   total 12372K, used 8085K [0xaed40000, 0xaf955000, 0xb4000000)
   the space 12372K,  65% used [0xaed40000, 0xaf525568, 0xaf525600, 0xaf955000)
 Metaspace       used 9908K, capacity 10025K, committed 10136K, reserved 10544K
}
Event: 28.018 GC heap before
{Heap before GC invocations=56 (full 3):
 def new generation   total 5760K, used 5760K [0xac400000, 0xaca20000, 0xaed40000)
  eden space 5248K, 100% used [0xac400000, 0xac920000, 0xac920000)
  from space 512K, 100% used [0xac9a0000, 0xaca20000, 0xaca20000)
  to   space 512K,   0% used [0xac920000, 0xac920000, 0xac9a0000)
 tenured generation   total 12372K, used 8085K [0xaed40000, 0xaf955000, 0xb4000000)
   the space 12372K,  65% used [0xaed40000, 0xaf525568, 0xaf525600, 0xaf955000)
 Metaspace       used 10779K, capacity 10924K, committed 11032K, reserved 11568K
Event: 28.053 GC heap after
Heap after GC invocations=57 (full 3):
 def new generation   total 5760K, used 512K [0xac400000, 0xaca20000, 0xaed40000)
  eden space 5248K,   0% used [0xac400000, 0xac400000, 0xac920000)
  from space 512K, 100% used [0xac920000, 0xac9a0000, 0xac9a0000)
  to   space 512K,   0% used [0xac9a0000, 0xac9a0000, 0xaca20000)
 tenured generation   total 12372K, used 9284K [0xaed40000, 0xaf955000, 0xb4000000)
   the space 12372K,  75% used [0xaed40000, 0xaf651130, 0xaf651200, 0xaf955000)
 Metaspace       used 10779K, capacity 10924K, committed 11032K, reserved 11568K
}
Event: 28.996 GC heap before
{Heap before GC invocations=57 (full 3):
 def new generation   total 5760K, used 5760K [0xac400000, 0xaca20000, 0xaed40000)
  eden space 5248K, 100% used [0xac400000, 0xac920000, 0xac920000)
  from space 512K, 100% used [0xac920000, 0xac9a0000, 0xac9a0000)
  to   space 512K,   0% used [0xac9a0000, 0xac9a0000, 0xaca20000)
 tenured generation   total 12372K, used 9284K [0xaed40000, 0xaf955000, 0xb4000000)
   the space 12372K,  75% used [0xaed40000, 0xaf651130, 0xaf651200, 0xaf955000)
 Metaspace       used 11317K, capacity 11581K, committed 11672K, reserved 12592K
Event: 29.031 GC heap after
Heap after GC invocations=58 (full 3):
 def new generation   total 5760K, used 512K [0xac400000, 0xaca20000, 0xaed40000)
  eden space 5248K,   0% used [0xac400000, 0xac400000, 0xac920000)
  from space 512K, 100% used [0xac9a0000, 0xaca20000, 0xaca20000)
  to   space 512K,   0% used [0xac920000, 0xac920000, 0xac9a0000)
 tenured generation   total 12372K, used 10366K [0xaed40000, 0xaf955000, 0xb4000000)
   the space 12372K,  83% used [0xaed40000, 0xaf75f870, 0xaf75fa00, 0xaf955000)
 Metaspace       used 11317K, capacity 11581K, committed 11672K, reserved 12592K
}
Event: 31.579 GC heap before
{Heap before GC invocations=58 (full 3):
 def new generation   total 5760K, used 5760K [0xac400000, 0xaca20000, 0xaed40000)
  eden space 5248K, 100% used [0xac400000, 0xac920000, 0xac920000)
  from space 512K, 100% used [0xac9a0000, 0xaca20000, 0xaca20000)
  to   space 512K,   0% used [0xac920000, 0xac920000, 0xac9a0000)
 tenured generation   total 12372K, used 10366K [0xaed40000, 0xaf955000, 0xb4000000)
   the space 12372K,  83% used [0xaed40000, 0xaf75f870, 0xaf75fa00, 0xaf955000)
 Metaspace       used 12211K, capacity 12423K, committed 12568K, reserved 12592K
Event: 31.614 GC heap after
Heap after GC invocations=59 (full 3):
 def new generation   total 5760K, used 512K [0xac400000, 0xaca20000, 0xaed40000)
  eden space 5248K,   0% used [0xac400000, 0xac400000, 0xac920000)
  from space 512K, 100% used [0xac920000, 0xac9a0000, 0xac9a0000)
  to   space 512K,   0% used [0xac9a0000, 0xac9a0000, 0xaca20000)
 tenured generation   total 12372K, used 11029K [0xaed40000, 0xaf955000, 0xb4000000)
   the space 12372K,  89% used [0xaed40000, 0xaf805670, 0xaf805800, 0xaf955000)
 Metaspace       used 12211K, capacity 12423K, committed 12568K, reserved 12592K
}

